<?xml version="1.0" encoding="utf-8"?><testsuites><testsuite name="pytest" errors="0" failures="0" skipped="0" tests="5" time="8.614" timestamp="2025-05-11T18:49:16.338566+02:00" hostname="LAPTOP-95699246"><testcase classname="test.rest.api_test.TestApi" name="test_api_add" time="2.196" /><testcase classname="test.rest.api_test.TestApi" name="test_api_divide" time="2.008" /><testcase classname="test.rest.api_test.TestApi" name="test_api_divide_by_zero" time="2.009" /><testcase classname="test.rest.api_test.TestApi" name="test_api_multiply" time="2.009" /><testcase classname="test.rest.api_test.TestApi" name="test_api_sqrt" time="0.241" /></testsuite></testsuites>