<?xml version="1.0" encoding="utf-8"?><testsuites><testsuite name="pytest" errors="0" failures="0" skipped="0" tests="5" time="9.030" timestamp="2025-06-07T00:29:19.825865+02:00" hostname="LAPTOP-95699246"><testcase classname="test.rest.api_test.TestApi" name="test_api_add" time="2.264" /><testcase classname="test.rest.api_test.TestApi" name="test_api_divide" time="2.017" /><testcase classname="test.rest.api_test.TestApi" name="test_api_divide_by_zero" time="2.013" /><testcase classname="test.rest.api_test.TestApi" name="test_api_multiply" time="2.027" /><testcase classname="test.rest.api_test.TestApi" name="test_api_sqrt" time="0.353" /></testsuite></testsuites>