<?xml version="1.0" encoding="utf-8"?><testsuites><testsuite name="pytest" errors="0" failures="0" skipped="0" tests="5" time="9.132" timestamp="2025-05-11T18:44:39.101161+02:00" hostname="LAPTOP-95699246"><testcase classname="test.rest.api_test.TestApi" name="test_api_add" time="2.394" /><testcase classname="test.rest.api_test.TestApi" name="test_api_divide" time="2.040" /><testcase classname="test.rest.api_test.TestApi" name="test_api_divide_by_zero" time="2.010" /><testcase classname="test.rest.api_test.TestApi" name="test_api_multiply" time="2.021" /><testcase classname="test.rest.api_test.TestApi" name="test_api_sqrt" time="0.245" /></testsuite></testsuites>